2024/11/22 16:16:18| WARNING: BCP 177 violation. IPv6 transport forced OFF by build parameters.
2024/11/22 16:16:18| aclIpParseIpData: IPv6 has not been enabled.
2024/11/22 16:16:18| aclIpParseIpData: IPv6 has not been enabled.
2024/11/22 16:16:18| aclIpParseIpData: IPv6 has not been enabled.
2024/11/22 16:16:18| Processing Configuration File: /Volumes/macOS/Users/dushanwshey/Downloads/squid-6.12/STORAGE/etc/squid.conf (depth 0)
2024/11/22 16:16:18| aclIpParseIpData: IPv6 has not been enabled.
2024/11/22 16:16:18| aclIpParseIpData: IPv6 has not been enabled.
2024/11/22 16:16:18| Created PID file (/Volumes/macOS/Users/dushanwshey/Downloads/squid-6.12/STORAGE/var/run/squid.pid)
2024/11/22 16:16:19 kid1| WARNING: BCP 177 violation. IPv6 transport forced OFF by build parameters.
2024/11/22 16:16:19 kid1| aclIpParseIpData: IPv6 has not been enabled.
2024/11/22 16:16:19 kid1| aclIpParseIpData: IPv6 has not been enabled.
2024/11/22 16:16:19 kid1| aclIpParseIpData: IPv6 has not been enabled.
2024/11/22 16:16:19 kid1| Processing Configuration File: /Volumes/macOS/Users/dushanwshey/Downloads/squid-6.12/STORAGE/etc/squid.conf (depth 0)
2024/11/22 16:16:19 kid1| aclIpParseIpData: IPv6 has not been enabled.
2024/11/22 16:16:19 kid1| aclIpParseIpData: IPv6 has not been enabled.
2024/11/22 16:16:19 kid1| Set Current Directory to /Volumes/macOS/Users/dushanwshey/Downloads/squid-6.12/STORAGE/var/cache/squid
2024/11/22 16:16:19 kid1| Starting Squid Cache version 6.12 for x86_64-apple-darwin19.6.0...
2024/11/22 16:16:19 kid1| Service Name: squid
2024/11/22 16:16:19 kid1| Process ID 33607
2024/11/22 16:16:19 kid1| Process Roles: worker
2024/11/22 16:16:19 kid1| With 2560 file descriptors available
2024/11/22 16:16:19 kid1| Initializing IP Cache...
2024/11/22 16:16:19 kid1| DNS IPv4 socket created at 0.0.0.0, FD 10
2024/11/22 16:16:19 kid1| Adding nameserver 192.168.88.1 from /etc/resolv.conf
2024/11/22 16:16:19 kid1| Logfile: opening log daemon:/Volumes/macOS/Users/dushanwshey/Downloads/squid-6.12/STORAGE/var/logs/access.log
2024/11/22 16:16:19 kid1| Logfile Daemon: opening log /Volumes/macOS/Users/dushanwshey/Downloads/squid-6.12/STORAGE/var/logs/access.log
2024/11/22 16:16:19 kid1| WARNING: no_suid: setuid(0): (1) Operation not permitted
2024/11/22 16:16:19 kid1| Store logging disabled
2024/11/22 16:16:19 kid1| Swap maxSize 0 + 262144 KB, estimated 20164 objects
2024/11/22 16:16:19 kid1| Target number of buckets: 1008
2024/11/22 16:16:19 kid1| Using 8192 Store buckets
2024/11/22 16:16:19 kid1| Max Mem  size: 262144 KB
2024/11/22 16:16:19 kid1| Max Swap size: 0 KB
2024/11/22 16:16:19 kid1| Using Least Load store dir selection
2024/11/22 16:16:19 kid1| Set Current Directory to /Volumes/macOS/Users/dushanwshey/Downloads/squid-6.12/STORAGE/var/cache/squid
2024/11/22 16:16:19 kid1| Finished loading MIME types and icons.
2024/11/22 16:16:19 kid1| HTCP Disabled.
2024/11/22 16:16:19 kid1| Squid plugin modules loaded: 0
2024/11/22 16:16:19 kid1| Adaptation support is off.
2024/11/22 16:16:19 kid1| Accepting HTTP Socket connections at conn2 local=0.0.0.0:3128 remote=[::] FD 13 flags=9
    listening port: 3128
2024/11/22 16:16:20 kid1| storeLateRelease: released 0 objects
2024/11/22 16:17:49 kid1| ERROR: ARP / MAC / EUI-* operations not supported on this operating system.
2024/11/22 16:17:49 kid1| ERROR: ARP / MAC / EUI-* operations not supported on this operating system.
2024/11/22 16:17:49 kid1| ERROR: ARP / MAC / EUI-* operations not supported on this operating system.
2024/11/22 16:17:50 kid1| ERROR: ARP / MAC / EUI-* operations not supported on this operating system.
2024/11/22 16:17:50 kid1| ERROR: ARP / MAC / EUI-* operations not supported on this operating system.
2024/11/22 16:17:50 kid1| ERROR: ARP / MAC / EUI-* operations not supported on this operating system.
2024/11/22 16:17:50 kid1| ERROR: ARP / MAC / EUI-* operations not supported on this operating system.
2024/11/22 16:17:50 kid1| ERROR: ARP / MAC / EUI-* operations not supported on this operating system.
2024/11/22 16:17:50 kid1| ERROR: ARP / MAC / EUI-* operations not supported on this operating system.
2024/11/22 16:17:50 kid1| ERROR: ARP / MAC / EUI-* operations not supported on this operating system.
2024/11/22 16:17:50 kid1| ERROR: ARP / MAC / EUI-* operations not supported on this operating system.
2024/11/22 16:17:51 kid1| ERROR: ARP / MAC / EUI-* operations not supported on this operating system.
2024/11/22 16:17:51 kid1| ERROR: ARP / MAC / EUI-* operations not supported on this operating system.
2024/11/22 16:17:51 kid1| ERROR: ARP / MAC / EUI-* operations not supported on this operating system.
2024/11/22 16:17:51 kid1| ERROR: ARP / MAC / EUI-* operations not supported on this operating system.
2024/11/22 16:17:51 kid1| ERROR: ARP / MAC / EUI-* operations not supported on this operating system.
2024/11/22 16:17:51 kid1| ERROR: ARP / MAC / EUI-* operations not supported on this operating system.
2024/11/22 16:17:52 kid1| ERROR: ARP / MAC / EUI-* operations not supported on this operating system.
2024/11/22 16:17:59 kid1| ERROR: ARP / MAC / EUI-* operations not supported on this operating system.
2024/11/22 16:17:59 kid1| ERROR: ARP / MAC / EUI-* operations not supported on this operating system.
2024/11/22 16:17:59 kid1| ERROR: ARP / MAC / EUI-* operations not supported on this operating system.
2024/11/22 16:19:48 kid1| ERROR: ARP / MAC / EUI-* operations not supported on this operating system.
2024/11/22 16:19:50 kid1| ERROR: ARP / MAC / EUI-* operations not supported on this operating system.
2024/11/22 16:19:51 kid1| ERROR: ARP / MAC / EUI-* operations not supported on this operating system.
2024/11/22 16:19:52 kid1| ERROR: ARP / MAC / EUI-* operations not supported on this operating system.
2024/11/22 16:19:52 kid1| ERROR: ARP / MAC / EUI-* operations not supported on this operating system.
2024/11/22 16:19:54 kid1| ERROR: ARP / MAC / EUI-* operations not supported on this operating system.
2024/11/22 16:19:55 kid1| ERROR: ARP / MAC / EUI-* operations not supported on this operating system.
2024/11/22 16:19:56 kid1| ERROR: ARP / MAC / EUI-* operations not supported on this operating system.
2024/11/22 16:19:57 kid1| ERROR: ARP / MAC / EUI-* operations not supported on this operating system.
2024/11/22 16:20:00 kid1| ERROR: ARP / MAC / EUI-* operations not supported on this operating system.
2024/11/22 16:20:00 kid1| ERROR: ARP / MAC / EUI-* operations not supported on this operating system.
2024/11/22 16:20:02 kid1| ERROR: ARP / MAC / EUI-* operations not supported on this operating system.
2024/11/22 16:20:02 kid1| ERROR: ARP / MAC / EUI-* operations not supported on this operating system.
2024/11/22 16:20:03 kid1| ERROR: ARP / MAC / EUI-* operations not supported on this operating system.
2024/11/22 16:20:03 kid1| ERROR: ARP / MAC / EUI-* operations not supported on this operating system.
2024/11/22 16:20:03 kid1| ERROR: ARP / MAC / EUI-* operations not supported on this operating system.
2024/11/22 16:20:05 kid1| ERROR: ARP / MAC / EUI-* operations not supported on this operating system.
2024/11/22 16:20:05 kid1| ERROR: ARP / MAC / EUI-* operations not supported on this operating system.
2024/11/22 16:20:05 kid1| ERROR: ARP / MAC / EUI-* operations not supported on this operating system.
2024/11/22 16:20:06 kid1| ERROR: ARP / MAC / EUI-* operations not supported on this operating system.
2024/11/22 16:20:06 kid1| ERROR: ARP / MAC / EUI-* operations not supported on this operating system.
2024/11/22 16:20:07 kid1| ERROR: ARP / MAC / EUI-* operations not supported on this operating system.
2024/11/22 16:20:13 kid1| ERROR: ARP / MAC / EUI-* operations not supported on this operating system.
2024/11/22 16:20:13 kid1| ERROR: ARP / MAC / EUI-* operations not supported on this operating system.
2024/11/22 16:20:29 kid1| ERROR: ARP / MAC / EUI-* operations not supported on this operating system.
2024/11/22 16:20:29 kid1| ERROR: ARP / MAC / EUI-* operations not supported on this operating system.
2024/11/22 16:20:30 kid1| ERROR: ARP / MAC / EUI-* operations not supported on this operating system.
2024/11/22 16:20:31 kid1| ERROR: ARP / MAC / EUI-* operations not supported on this operating system.
2024/11/22 16:20:31 kid1| ERROR: ARP / MAC / EUI-* operations not supported on this operating system.
2024/11/22 16:20:31 kid1| ERROR: ARP / MAC / EUI-* operations not supported on this operating system.
2024/11/22 16:20:31 kid1| ERROR: ARP / MAC / EUI-* operations not supported on this operating system.
2024/11/22 16:20:35 kid1| ERROR: ARP / MAC / EUI-* operations not supported on this operating system.
2024/11/22 16:20:36 kid1| ERROR: ARP / MAC / EUI-* operations not supported on this operating system.
2024/11/22 16:20:37 kid1| ERROR: ARP / MAC / EUI-* operations not supported on this operating system.
2024/11/22 16:20:37 kid1| ERROR: ARP / MAC / EUI-* operations not supported on this operating system.
2024/11/22 16:20:37 kid1| ERROR: ARP / MAC / EUI-* operations not supported on this operating system.
2024/11/22 16:20:37 kid1| ERROR: ARP / MAC / EUI-* operations not supported on this operating system.
2024/11/22 16:20:37 kid1| ERROR: ARP / MAC / EUI-* operations not supported on this operating system.
2024/11/22 16:20:37 kid1| ERROR: ARP / MAC / EUI-* operations not supported on this operating system.
2024/11/22 16:20:37 kid1| ERROR: ARP / MAC / EUI-* operations not supported on this operating system.
2024/11/22 16:20:37 kid1| ERROR: ARP / MAC / EUI-* operations not supported on this operating system.
2024/11/22 16:20:37 kid1| ERROR: ARP / MAC / EUI-* operations not supported on this operating system.
2024/11/22 16:20:38 kid1| ERROR: ARP / MAC / EUI-* operations not supported on this operating system.
2024/11/22 16:20:38 kid1| ERROR: ARP / MAC / EUI-* operations not supported on this operating system.
2024/11/22 16:20:38 kid1| ERROR: ARP / MAC / EUI-* operations not supported on this operating system.
2024/11/22 16:20:38 kid1| ERROR: ARP / MAC / EUI-* operations not supported on this operating system.
2024/11/22 16:20:38 kid1| ERROR: ARP / MAC / EUI-* operations not supported on this operating system.
2024/11/22 16:20:38 kid1| ERROR: ARP / MAC / EUI-* operations not supported on this operating system.
2024/11/22 16:20:38 kid1| ERROR: ARP / MAC / EUI-* operations not supported on this operating system.
2024/11/22 16:20:39 kid1| ERROR: ARP / MAC / EUI-* operations not supported on this operating system.
2024/11/22 16:20:39 kid1| ERROR: ARP / MAC / EUI-* operations not supported on this operating system.
2024/11/22 16:20:39 kid1| ERROR: ARP / MAC / EUI-* operations not supported on this operating system.
2024/11/22 16:20:39 kid1| ERROR: ARP / MAC / EUI-* operations not supported on this operating system.
2024/11/22 16:20:39 kid1| ERROR: ARP / MAC / EUI-* operations not supported on this operating system.
2024/11/22 16:20:39 kid1| ERROR: ARP / MAC / EUI-* operations not supported on this operating system.
2024/11/22 16:20:39 kid1| ERROR: ARP / MAC / EUI-* operations not supported on this operating system.
2024/11/22 16:20:39 kid1| ERROR: ARP / MAC / EUI-* operations not supported on this operating system.
2024/11/22 16:20:39 kid1| ERROR: ARP / MAC / EUI-* operations not supported on this operating system.
2024/11/22 16:20:40 kid1| ERROR: ARP / MAC / EUI-* operations not supported on this operating system.
2024/11/22 16:20:40 kid1| ERROR: ARP / MAC / EUI-* operations not supported on this operating system.
2024/11/22 16:20:40 kid1| ERROR: ARP / MAC / EUI-* operations not supported on this operating system.
2024/11/22 16:20:40 kid1| ERROR: ARP / MAC / EUI-* operations not supported on this operating system.
2024/11/22 16:20:40 kid1| ERROR: ARP / MAC / EUI-* operations not supported on this operating system.
2024/11/22 16:20:40 kid1| ERROR: ARP / MAC / EUI-* operations not supported on this operating system.
2024/11/22 16:20:40 kid1| ERROR: ARP / MAC / EUI-* operations not supported on this operating system.
2024/11/22 16:20:40 kid1| ERROR: ARP / MAC / EUI-* operations not supported on this operating system.
2024/11/22 16:20:40 kid1| ERROR: ARP / MAC / EUI-* operations not supported on this operating system.
2024/11/22 16:20:40 kid1| ERROR: ARP / MAC / EUI-* operations not supported on this operating system.
2024/11/22 16:20:40 kid1| ERROR: ARP / MAC / EUI-* operations not supported on this operating system.
2024/11/22 16:20:40 kid1| ERROR: ARP / MAC / EUI-* operations not supported on this operating system.
2024/11/22 16:20:40 kid1| ERROR: ARP / MAC / EUI-* operations not supported on this operating system.
2024/11/22 16:20:40 kid1| ERROR: ARP / MAC / EUI-* operations not supported on this operating system.
2024/11/22 16:20:40 kid1| ERROR: ARP / MAC / EUI-* operations not supported on this operating system.
2024/11/22 16:20:40 kid1| ERROR: ARP / MAC / EUI-* operations not supported on this operating system.
2024/11/22 16:20:41 kid1| ERROR: ARP / MAC / EUI-* operations not supported on this operating system.
2024/11/22 16:20:41 kid1| ERROR: ARP / MAC / EUI-* operations not supported on this operating system.
2024/11/22 16:20:41 kid1| ERROR: ARP / MAC / EUI-* operations not supported on this operating system.
2024/11/22 16:20:41 kid1| ERROR: ARP / MAC / EUI-* operations not supported on this operating system.
2024/11/22 16:20:42 kid1| ERROR: ARP / MAC / EUI-* operations not supported on this operating system.
2024/11/22 16:20:42 kid1| ERROR: ARP / MAC / EUI-* operations not supported on this operating system.
2024/11/22 16:20:42 kid1| ERROR: ARP / MAC / EUI-* operations not supported on this operating system.
2024/11/22 16:20:42 kid1| ERROR: ARP / MAC / EUI-* operations not supported on this operating system.
2024/11/22 16:20:42 kid1| ERROR: ARP / MAC / EUI-* operations not supported on this operating system.
2024/11/22 16:20:42 kid1| ERROR: ARP / MAC / EUI-* operations not supported on this operating system.
2024/11/22 16:20:42 kid1| ERROR: ARP / MAC / EUI-* operations not supported on this operating system.
2024/11/22 16:20:42 kid1| ERROR: ARP / MAC / EUI-* operations not supported on this operating system.
2024/11/22 16:20:42 kid1| ERROR: ARP / MAC / EUI-* operations not supported on this operating system.
2024/11/22 16:20:42 kid1| ERROR: ARP / MAC / EUI-* operations not supported on this operating system.
2024/11/22 16:20:42 kid1| ERROR: ARP / MAC / EUI-* operations not supported on this operating system.
2024/11/22 16:20:42 kid1| ERROR: ARP / MAC / EUI-* operations not supported on this operating system.
2024/11/22 16:20:42 kid1| ERROR: ARP / MAC / EUI-* operations not supported on this operating system.
2024/11/22 16:20:42 kid1| ERROR: ARP / MAC / EUI-* operations not supported on this operating system.
2024/11/22 16:20:42 kid1| ERROR: ARP / MAC / EUI-* operations not supported on this operating system.
2024/11/22 16:20:42 kid1| ERROR: ARP / MAC / EUI-* operations not supported on this operating system.
2024/11/22 16:20:42 kid1| ERROR: ARP / MAC / EUI-* operations not supported on this operating system.
2024/11/22 16:20:42 kid1| ERROR: ARP / MAC / EUI-* operations not supported on this operating system.
2024/11/22 16:20:42 kid1| ERROR: ARP / MAC / EUI-* operations not supported on this operating system.
2024/11/22 16:20:42 kid1| ERROR: ARP / MAC / EUI-* operations not supported on this operating system.
2024/11/22 16:20:42 kid1| ERROR: ARP / MAC / EUI-* operations not supported on this operating system.
2024/11/22 16:20:42 kid1| ERROR: ARP / MAC / EUI-* operations not supported on this operating system.
2024/11/22 16:20:42 kid1| ERROR: ARP / MAC / EUI-* operations not supported on this operating system.
2024/11/22 16:20:42 kid1| ERROR: ARP / MAC / EUI-* operations not supported on this operating system.
2024/11/22 16:20:43 kid1| ERROR: ARP / MAC / EUI-* operations not supported on this operating system.
2024/11/22 16:20:43 kid1| ERROR: ARP / MAC / EUI-* operations not supported on this operating system.
2024/11/22 16:20:43 kid1| ERROR: ARP / MAC / EUI-* operations not supported on this operating system.
2024/11/22 16:20:43 kid1| ERROR: ARP / MAC / EUI-* operations not supported on this operating system.
2024/11/22 16:20:43 kid1| ERROR: ARP / MAC / EUI-* operations not supported on this operating system.
2024/11/22 16:20:43 kid1| ERROR: ARP / MAC / EUI-* operations not supported on this operating system.
2024/11/22 16:20:43 kid1| ERROR: ARP / MAC / EUI-* operations not supported on this operating system.
2024/11/22 16:20:43 kid1| ERROR: ARP / MAC / EUI-* operations not supported on this operating system.
2024/11/22 16:20:44 kid1| ERROR: ARP / MAC / EUI-* operations not supported on this operating system.
2024/11/22 16:20:44 kid1| ERROR: ARP / MAC / EUI-* operations not supported on this operating system.
2024/11/22 16:20:44 kid1| ERROR: ARP / MAC / EUI-* operations not supported on this operating system.
2024/11/22 16:20:44 kid1| ERROR: ARP / MAC / EUI-* operations not supported on this operating system.
2024/11/22 16:20:44 kid1| ERROR: ARP / MAC / EUI-* operations not supported on this operating system.
2024/11/22 16:20:44 kid1| ERROR: ARP / MAC / EUI-* operations not supported on this operating system.
2024/11/22 16:20:44 kid1| ERROR: ARP / MAC / EUI-* operations not supported on this operating system.
2024/11/22 16:20:44 kid1| ERROR: ARP / MAC / EUI-* operations not supported on this operating system.
2024/11/22 16:20:44 kid1| ERROR: ARP / MAC / EUI-* operations not supported on this operating system.
2024/11/22 16:20:44 kid1| ERROR: ARP / MAC / EUI-* operations not supported on this operating system.
2024/11/22 16:20:44 kid1| ERROR: ARP / MAC / EUI-* operations not supported on this operating system.
2024/11/22 16:20:44 kid1| ERROR: ARP / MAC / EUI-* operations not supported on this operating system.
2024/11/22 16:20:44 kid1| ERROR: ARP / MAC / EUI-* operations not supported on this operating system.
2024/11/22 16:20:44 kid1| ERROR: ARP / MAC / EUI-* operations not supported on this operating system.
2024/11/22 16:20:44 kid1| ERROR: ARP / MAC / EUI-* operations not supported on this operating system.
2024/11/22 16:20:44 kid1| ERROR: ARP / MAC / EUI-* operations not supported on this operating system.
2024/11/22 16:20:44 kid1| ERROR: ARP / MAC / EUI-* operations not supported on this operating system.
2024/11/22 16:20:45 kid1| ERROR: ARP / MAC / EUI-* operations not supported on this operating system.
2024/11/22 16:20:45 kid1| ERROR: ARP / MAC / EUI-* operations not supported on this operating system.
2024/11/22 16:20:45 kid1| ERROR: ARP / MAC / EUI-* operations not supported on this operating system.
2024/11/22 16:20:45 kid1| ERROR: ARP / MAC / EUI-* operations not supported on this operating system.
2024/11/22 16:20:45 kid1| ERROR: ARP / MAC / EUI-* operations not supported on this operating system.
2024/11/22 16:20:45 kid1| ERROR: ARP / MAC / EUI-* operations not supported on this operating system.
2024/11/22 16:20:45 kid1| ERROR: ARP / MAC / EUI-* operations not supported on this operating system.
2024/11/22 16:20:45 kid1| ERROR: ARP / MAC / EUI-* operations not supported on this operating system.
2024/11/22 16:20:45 kid1| ERROR: ARP / MAC / EUI-* operations not supported on this operating system.
2024/11/22 16:20:45 kid1| ERROR: ARP / MAC / EUI-* operations not supported on this operating system.
2024/11/22 16:20:45 kid1| ERROR: ARP / MAC / EUI-* operations not supported on this operating system.
2024/11/22 16:20:45 kid1| ERROR: ARP / MAC / EUI-* operations not supported on this operating system.
2024/11/22 16:20:45 kid1| ERROR: ARP / MAC / EUI-* operations not supported on this operating system.
2024/11/22 16:20:45 kid1| ERROR: ARP / MAC / EUI-* operations not supported on this operating system.
2024/11/22 16:20:45 kid1| ERROR: ARP / MAC / EUI-* operations not supported on this operating system.
2024/11/22 16:20:45 kid1| ERROR: ARP / MAC / EUI-* operations not supported on this operating system.
2024/11/22 16:20:45 kid1| ERROR: ARP / MAC / EUI-* operations not supported on this operating system.
2024/11/22 16:20:45 kid1| ERROR: ARP / MAC / EUI-* operations not supported on this operating system.
2024/11/22 16:20:45 kid1| ERROR: ARP / MAC / EUI-* operations not supported on this operating system.
2024/11/22 16:20:45 kid1| ERROR: ARP / MAC / EUI-* operations not supported on this operating system.
2024/11/22 16:20:46 kid1| ERROR: ARP / MAC / EUI-* operations not supported on this operating system.
2024/11/22 16:20:46 kid1| ERROR: ARP / MAC / EUI-* operations not supported on this operating system.
2024/11/22 16:20:46 kid1| ERROR: ARP / MAC / EUI-* operations not supported on this operating system.
2024/11/22 16:20:46 kid1| ERROR: ARP / MAC / EUI-* operations not supported on this operating system.
2024/11/22 16:20:46 kid1| ERROR: ARP / MAC / EUI-* operations not supported on this operating system.
2024/11/22 16:20:46 kid1| ERROR: ARP / MAC / EUI-* operations not supported on this operating system.
2024/11/22 16:20:46 kid1| ERROR: ARP / MAC / EUI-* operations not supported on this operating system.
2024/11/22 16:20:46 kid1| ERROR: ARP / MAC / EUI-* operations not supported on this operating system.
2024/11/22 16:20:46 kid1| ERROR: ARP / MAC / EUI-* operations not supported on this operating system.
2024/11/22 16:20:46 kid1| ERROR: ARP / MAC / EUI-* operations not supported on this operating system.
2024/11/22 16:20:46 kid1| ERROR: ARP / MAC / EUI-* operations not supported on this operating system.
2024/11/22 16:20:46 kid1| ERROR: ARP / MAC / EUI-* operations not supported on this operating system.
2024/11/22 16:20:46 kid1| ERROR: ARP / MAC / EUI-* operations not supported on this operating system.
2024/11/22 16:20:46 kid1| ERROR: ARP / MAC / EUI-* operations not supported on this operating system.
2024/11/22 16:20:46 kid1| ERROR: ARP / MAC / EUI-* operations not supported on this operating system.
2024/11/22 16:20:46 kid1| ERROR: ARP / MAC / EUI-* operations not supported on this operating system.
2024/11/22 16:20:46 kid1| ERROR: ARP / MAC / EUI-* operations not supported on this operating system.
2024/11/22 16:20:46 kid1| ERROR: ARP / MAC / EUI-* operations not supported on this operating system.
2024/11/22 16:20:46 kid1| ERROR: ARP / MAC / EUI-* operations not supported on this operating system.
2024/11/22 16:20:47 kid1| ERROR: ARP / MAC / EUI-* operations not supported on this operating system.
2024/11/22 16:20:47 kid1| ERROR: ARP / MAC / EUI-* operations not supported on this operating system.
2024/11/22 16:20:49 kid1| ERROR: ARP / MAC / EUI-* operations not supported on this operating system.
2024/11/22 16:20:50 kid1| ERROR: ARP / MAC / EUI-* operations not supported on this operating system.
2024/11/22 16:20:51 kid1| ERROR: ARP / MAC / EUI-* operations not supported on this operating system.
2024/11/22 16:20:51 kid1| ERROR: ARP / MAC / EUI-* operations not supported on this operating system.
2024/11/22 16:20:51 kid1| ERROR: ARP / MAC / EUI-* operations not supported on this operating system.
2024/11/22 16:20:51 kid1| ERROR: ARP / MAC / EUI-* operations not supported on this operating system.
2024/11/22 16:20:51 kid1| ERROR: ARP / MAC / EUI-* operations not supported on this operating system.
2024/11/22 16:20:51 kid1| ERROR: ARP / MAC / EUI-* operations not supported on this operating system.
2024/11/22 16:20:51 kid1| ERROR: ARP / MAC / EUI-* operations not supported on this operating system.
2024/11/22 16:20:51 kid1| ERROR: ARP / MAC / EUI-* operations not supported on this operating system.
2024/11/22 16:20:51 kid1| ERROR: ARP / MAC / EUI-* operations not supported on this operating system.
2024/11/22 16:20:51 kid1| ERROR: ARP / MAC / EUI-* operations not supported on this operating system.
2024/11/22 16:20:51 kid1| ERROR: ARP / MAC / EUI-* operations not supported on this operating system.
2024/11/22 16:20:52 kid1| ERROR: ARP / MAC / EUI-* operations not supported on this operating system.
2024/11/22 16:20:52 kid1| ERROR: ARP / MAC / EUI-* operations not supported on this operating system.
2024/11/22 16:20:52 kid1| ERROR: ARP / MAC / EUI-* operations not supported on this operating system.
2024/11/22 16:20:52 kid1| ERROR: ARP / MAC / EUI-* operations not supported on this operating system.
2024/11/22 16:20:52 kid1| ERROR: ARP / MAC / EUI-* operations not supported on this operating system.
2024/11/22 16:20:52 kid1| ERROR: ARP / MAC / EUI-* operations not supported on this operating system.
2024/11/22 16:20:52 kid1| ERROR: ARP / MAC / EUI-* operations not supported on this operating system.
2024/11/22 16:20:52 kid1| ERROR: ARP / MAC / EUI-* operations not supported on this operating system.
2024/11/22 16:20:53 kid1| ERROR: ARP / MAC / EUI-* operations not supported on this operating system.
2024/11/22 16:20:54 kid1| ERROR: ARP / MAC / EUI-* operations not supported on this operating system.
2024/11/22 16:20:55 kid1| ERROR: ARP / MAC / EUI-* operations not supported on this operating system.
2024/11/22 16:20:57 kid1| ERROR: ARP / MAC / EUI-* operations not supported on this operating system.
2024/11/22 16:20:58 kid1| ERROR: ARP / MAC / EUI-* operations not supported on this operating system.
2024/11/22 16:20:58 kid1| ERROR: ARP / MAC / EUI-* operations not supported on this operating system.
2024/11/22 16:20:58 kid1| ERROR: ARP / MAC / EUI-* operations not supported on this operating system.
2024/11/22 16:20:59 kid1| ERROR: ARP / MAC / EUI-* operations not supported on this operating system.
2024/11/22 16:21:06 kid1| ERROR: ARP / MAC / EUI-* operations not supported on this operating system.
2024/11/22 16:21:08 kid1| ERROR: ARP / MAC / EUI-* operations not supported on this operating system.
2024/11/22 16:21:08 kid1| ERROR: ARP / MAC / EUI-* operations not supported on this operating system.
2024/11/22 16:21:08 kid1| ERROR: ARP / MAC / EUI-* operations not supported on this operating system.
2024/11/22 16:21:08 kid1| ERROR: ARP / MAC / EUI-* operations not supported on this operating system.
2024/11/22 16:21:08 kid1| ERROR: ARP / MAC / EUI-* operations not supported on this operating system.
2024/11/22 16:21:08 kid1| ERROR: ARP / MAC / EUI-* operations not supported on this operating system.
2024/11/22 16:21:08 kid1| ERROR: ARP / MAC / EUI-* operations not supported on this operating system.
2024/11/22 16:21:08 kid1| ERROR: ARP / MAC / EUI-* operations not supported on this operating system.
2024/11/22 16:21:22 kid1| ERROR: ARP / MAC / EUI-* operations not supported on this operating system.
2024/11/22 16:21:22 kid1| ERROR: ARP / MAC / EUI-* operations not supported on this operating system.
2024/11/22 16:21:23 kid1| ERROR: ARP / MAC / EUI-* operations not supported on this operating system.
2024/11/22 16:21:23 kid1| ERROR: ARP / MAC / EUI-* operations not supported on this operating system.
2024/11/22 16:21:31 kid1| ERROR: ARP / MAC / EUI-* operations not supported on this operating system.
2024/11/22 16:21:31 kid1| ERROR: ARP / MAC / EUI-* operations not supported on this operating system.
2024/11/22 16:21:31 kid1| ERROR: ARP / MAC / EUI-* operations not supported on this operating system.
2024/11/22 16:21:31 kid1| ERROR: ARP / MAC / EUI-* operations not supported on this operating system.
2024/11/22 16:21:39 kid1| ERROR: ARP / MAC / EUI-* operations not supported on this operating system.
2024/11/22 16:21:55 kid1| ERROR: ARP / MAC / EUI-* operations not supported on this operating system.
2024/11/22 16:21:55 kid1| ERROR: ARP / MAC / EUI-* operations not supported on this operating system.
2024/11/22 16:21:55 kid1| ERROR: ARP / MAC / EUI-* operations not supported on this operating system.
2024/11/22 16:21:55 kid1| ERROR: ARP / MAC / EUI-* operations not supported on this operating system.
2024/11/22 16:21:56 kid1| ERROR: ARP / MAC / EUI-* operations not supported on this operating system.
2024/11/22 16:21:58 kid1| ERROR: ARP / MAC / EUI-* operations not supported on this operating system.
2024/11/22 16:21:58 kid1| ERROR: ARP / MAC / EUI-* operations not supported on this operating system.
2024/11/22 16:22:06 kid1| ERROR: ARP / MAC / EUI-* operations not supported on this operating system.
2024/11/22 16:22:06 kid1| ERROR: ARP / MAC / EUI-* operations not supported on this operating system.
2024/11/22 16:22:06 kid1| ERROR: ARP / MAC / EUI-* operations not supported on this operating system.
2024/11/22 16:22:08 kid1| ERROR: ARP / MAC / EUI-* operations not supported on this operating system.
2024/11/22 16:22:08 kid1| ERROR: ARP / MAC / EUI-* operations not supported on this operating system.
2024/11/22 16:22:08 kid1| ERROR: ARP / MAC / EUI-* operations not supported on this operating system.
2024/11/22 16:22:10 kid1| ERROR: ARP / MAC / EUI-* operations not supported on this operating system.
2024/11/22 16:22:11 kid1| ERROR: ARP / MAC / EUI-* operations not supported on this operating system.
2024/11/22 16:22:13 kid1| ERROR: ARP / MAC / EUI-* operations not supported on this operating system.
2024/11/22 16:22:24 kid1| ERROR: ARP / MAC / EUI-* operations not supported on this operating system.
2024/11/22 16:22:50 kid1| ERROR: ARP / MAC / EUI-* operations not supported on this operating system.
2024/11/22 16:23:08 kid1| ERROR: ARP / MAC / EUI-* operations not supported on this operating system.
2024/11/22 16:23:09 kid1| ERROR: ARP / MAC / EUI-* operations not supported on this operating system.
2024/11/22 16:23:10 kid1| ERROR: ARP / MAC / EUI-* operations not supported on this operating system.
2024/11/22 16:23:17 kid1| ERROR: ARP / MAC / EUI-* operations not supported on this operating system.
2024/11/22 16:23:50 kid1| ERROR: ARP / MAC / EUI-* operations not supported on this operating system.
2024/11/22 16:23:51 kid1| ERROR: ARP / MAC / EUI-* operations not supported on this operating system.
2024/11/22 16:23:51 kid1| ERROR: ARP / MAC / EUI-* operations not supported on this operating system.
2024/11/22 16:23:51 kid1| ERROR: ARP / MAC / EUI-* operations not supported on this operating system.
2024/11/22 16:23:51 kid1| ERROR: ARP / MAC / EUI-* operations not supported on this operating system.
2024/11/22 16:23:52 kid1| ERROR: ARP / MAC / EUI-* operations not supported on this operating system.
2024/11/22 16:23:52 kid1| ERROR: ARP / MAC / EUI-* operations not supported on this operating system.
2024/11/22 16:23:52 kid1| ERROR: ARP / MAC / EUI-* operations not supported on this operating system.
2024/11/22 16:23:52 kid1| ERROR: ARP / MAC / EUI-* operations not supported on this operating system.
2024/11/22 16:23:52 kid1| ERROR: ARP / MAC / EUI-* operations not supported on this operating system.
2024/11/22 16:23:52 kid1| ERROR: ARP / MAC / EUI-* operations not supported on this operating system.
2024/11/22 16:23:52 kid1| ERROR: ARP / MAC / EUI-* operations not supported on this operating system.
2024/11/22 16:23:52 kid1| ERROR: ARP / MAC / EUI-* operations not supported on this operating system.
2024/11/22 16:23:52 kid1| ERROR: ARP / MAC / EUI-* operations not supported on this operating system.
2024/11/22 16:23:52 kid1| ERROR: ARP / MAC / EUI-* operations not supported on this operating system.
2024/11/22 16:23:52 kid1| ERROR: ARP / MAC / EUI-* operations not supported on this operating system.
2024/11/22 16:23:53 kid1| ERROR: ARP / MAC / EUI-* operations not supported on this operating system.
2024/11/22 16:23:53 kid1| ERROR: ARP / MAC / EUI-* operations not supported on this operating system.
2024/11/22 16:23:53 kid1| ERROR: ARP / MAC / EUI-* operations not supported on this operating system.
2024/11/22 16:23:53 kid1| ERROR: ARP / MAC / EUI-* operations not supported on this operating system.
2024/11/22 16:23:53 kid1| ERROR: ARP / MAC / EUI-* operations not supported on this operating system.
2024/11/22 16:23:53 kid1| ERROR: ARP / MAC / EUI-* operations not supported on this operating system.
2024/11/22 16:23:53 kid1| ERROR: ARP / MAC / EUI-* operations not supported on this operating system.
2024/11/22 16:23:53 kid1| ERROR: ARP / MAC / EUI-* operations not supported on this operating system.
2024/11/22 16:23:53 kid1| ERROR: ARP / MAC / EUI-* operations not supported on this operating system.
2024/11/22 16:23:53 kid1| ERROR: ARP / MAC / EUI-* operations not supported on this operating system.
2024/11/22 16:23:53 kid1| ERROR: ARP / MAC / EUI-* operations not supported on this operating system.
2024/11/22 16:23:53 kid1| ERROR: ARP / MAC / EUI-* operations not supported on this operating system.
2024/11/22 16:23:53 kid1| ERROR: ARP / MAC / EUI-* operations not supported on this operating system.
2024/11/22 16:23:53 kid1| ERROR: ARP / MAC / EUI-* operations not supported on this operating system.
2024/11/22 16:23:53 kid1| ERROR: ARP / MAC / EUI-* operations not supported on this operating system.
2024/11/22 16:23:54 kid1| ERROR: ARP / MAC / EUI-* operations not supported on this operating system.
2024/11/22 16:23:54 kid1| ERROR: ARP / MAC / EUI-* operations not supported on this operating system.
2024/11/22 16:23:55 kid1| ERROR: ARP / MAC / EUI-* operations not supported on this operating system.
2024/11/22 16:24:25 kid1| ERROR: ARP / MAC / EUI-* operations not supported on this operating system.
2024/11/22 16:24:43 kid1| ERROR: ARP / MAC / EUI-* operations not supported on this operating system.
2024/11/22 16:24:45 kid1| ERROR: ARP / MAC / EUI-* operations not supported on this operating system.
2024/11/22 16:24:45 kid1| ERROR: ARP / MAC / EUI-* operations not supported on this operating system.
2024/11/22 16:24:46 kid1| ERROR: ARP / MAC / EUI-* operations not supported on this operating system.
2024/11/22 16:24:46 kid1| ERROR: ARP / MAC / EUI-* operations not supported on this operating system.
2024/11/22 16:24:46 kid1| ERROR: ARP / MAC / EUI-* operations not supported on this operating system.
2024/11/22 16:24:46 kid1| ERROR: ARP / MAC / EUI-* operations not supported on this operating system.
2024/11/22 16:24:46 kid1| ERROR: ARP / MAC / EUI-* operations not supported on this operating system.
2024/11/22 16:24:46 kid1| ERROR: ARP / MAC / EUI-* operations not supported on this operating system.
2024/11/22 16:24:46 kid1| ERROR: ARP / MAC / EUI-* operations not supported on this operating system.
2024/11/22 16:24:46 kid1| ERROR: ARP / MAC / EUI-* operations not supported on this operating system.
2024/11/22 16:24:46 kid1| ERROR: ARP / MAC / EUI-* operations not supported on this operating system.
2024/11/22 16:24:46 kid1| ERROR: ARP / MAC / EUI-* operations not supported on this operating system.
2024/11/22 16:24:47 kid1| ERROR: ARP / MAC / EUI-* operations not supported on this operating system.
2024/11/22 16:24:48 kid1| ERROR: ARP / MAC / EUI-* operations not supported on this operating system.
2024/11/22 16:24:48 kid1| ERROR: ARP / MAC / EUI-* operations not supported on this operating system.
2024/11/22 16:25:03 kid1| ERROR: ARP / MAC / EUI-* operations not supported on this operating system.
2024/11/22 16:25:13 kid1| ERROR: ARP / MAC / EUI-* operations not supported on this operating system.
2024/11/22 16:25:13 kid1| ERROR: ARP / MAC / EUI-* operations not supported on this operating system.
2024/11/22 16:25:13 kid1| ERROR: ARP / MAC / EUI-* operations not supported on this operating system.
2024/11/22 16:25:14 kid1| ERROR: ARP / MAC / EUI-* operations not supported on this operating system.
2024/11/22 16:25:14 kid1| ERROR: ARP / MAC / EUI-* operations not supported on this operating system.
2024/11/22 16:25:16 kid1| ERROR: ARP / MAC / EUI-* operations not supported on this operating system.
2024/11/22 16:25:17 kid1| ERROR: ARP / MAC / EUI-* operations not supported on this operating system.
2024/11/22 16:25:18 kid1| ERROR: ARP / MAC / EUI-* operations not supported on this operating system.
2024/11/22 16:25:18 kid1| ERROR: ARP / MAC / EUI-* operations not supported on this operating system.
2024/11/22 16:25:19 kid1| ERROR: ARP / MAC / EUI-* operations not supported on this operating system.
2024/11/22 16:25:19 kid1| ERROR: ARP / MAC / EUI-* operations not supported on this operating system.
2024/11/22 16:25:19 kid1| ERROR: ARP / MAC / EUI-* operations not supported on this operating system.
2024/11/22 16:25:41 kid1| ERROR: ARP / MAC / EUI-* operations not supported on this operating system.
2024/11/22 16:25:42 kid1| ERROR: ARP / MAC / EUI-* operations not supported on this operating system.
2024/11/22 16:25:46 kid1| ERROR: ARP / MAC / EUI-* operations not supported on this operating system.
2024/11/22 16:25:49 kid1| ERROR: ARP / MAC / EUI-* operations not supported on this operating system.
2024/11/22 16:26:16 kid1| ERROR: ARP / MAC / EUI-* operations not supported on this operating system.
2024/11/22 16:28:13 kid1| ERROR: ARP / MAC / EUI-* operations not supported on this operating system.
2024/11/22 16:28:14 kid1| ERROR: ARP / MAC / EUI-* operations not supported on this operating system.
2024/11/22 16:29:28 kid1| ERROR: ARP / MAC / EUI-* operations not supported on this operating system.
2024/11/22 16:29:29 kid1| ERROR: ARP / MAC / EUI-* operations not supported on this operating system.
2024/11/22 16:29:30 kid1| ERROR: ARP / MAC / EUI-* operations not supported on this operating system.
2024/11/22 16:31:01 kid1| ERROR: ARP / MAC / EUI-* operations not supported on this operating system.
2024/11/22 16:31:11 kid1| ERROR: ARP / MAC / EUI-* operations not supported on this operating system.
2024/11/22 16:32:04 kid1| ERROR: ARP / MAC / EUI-* operations not supported on this operating system.
2024/11/22 16:32:55 kid1| ERROR: ARP / MAC / EUI-* operations not supported on this operating system.
2024/11/22 16:35:28 kid1| ERROR: ARP / MAC / EUI-* operations not supported on this operating system.
2024/11/22 16:35:29 kid1| ERROR: ARP / MAC / EUI-* operations not supported on this operating system.
2024/11/22 16:45:43 kid1| conn132 local=192.168.88.253:62194 remote=185.226.54.243:443 HIER_DIRECT FD 33 flags=1: read/write failure: (32) Broken pipe
    current master transaction: master97
2024/11/22 16:45:43 kid1| ERROR: ARP / MAC / EUI-* operations not supported on this operating system.
2024/11/22 16:45:43 kid1| conn145 local=192.168.88.253:62198 remote=185.226.54.243:443 HIER_DIRECT FD 37 flags=1: read/write failure: (32) Broken pipe
    current master transaction: master101
2024/11/22 16:45:43 kid1| ERROR: ARP / MAC / EUI-* operations not supported on this operating system.
2024/11/22 16:45:44 kid1| ERROR: ARP / MAC / EUI-* operations not supported on this operating system.
2024/11/22 16:45:44 kid1| conn118 local=192.168.88.253:62191 remote=185.226.54.243:443 HIER_DIRECT FD 21 flags=1: read/write failure: (32) Broken pipe
    current master transaction: master95
2024/11/22 16:45:44 kid1| ERROR: ARP / MAC / EUI-* operations not supported on this operating system.
2024/11/22 16:45:45 kid1| ERROR: ARP / MAC / EUI-* operations not supported on this operating system.
2024/11/22 16:45:45 kid1| ERROR: ARP / MAC / EUI-* operations not supported on this operating system.
2024/11/22 16:45:45 kid1| ERROR: ARP / MAC / EUI-* operations not supported on this operating system.
2024/11/22 16:45:45 kid1| ERROR: ARP / MAC / EUI-* operations not supported on this operating system.
2024/11/22 16:45:45 kid1| ERROR: ARP / MAC / EUI-* operations not supported on this operating system.
2024/11/22 16:45:45 kid1| ERROR: ARP / MAC / EUI-* operations not supported on this operating system.
2024/11/22 16:45:45 kid1| ERROR: ARP / MAC / EUI-* operations not supported on this operating system.
2024/11/22 16:45:45 kid1| ERROR: ARP / MAC / EUI-* operations not supported on this operating system.
2024/11/22 16:45:45 kid1| conn158 local=192.168.88.253:62205 remote=185.226.54.243:443 HIER_DIRECT FD 22 flags=1: read/write failure: (32) Broken pipe
    current master transaction: master105
2024/11/22 16:45:46 kid1| ERROR: ARP / MAC / EUI-* operations not supported on this operating system.
2024/11/22 16:45:47 kid1| ERROR: ARP / MAC / EUI-* operations not supported on this operating system.
2024/11/22 16:45:47 kid1| ERROR: ARP / MAC / EUI-* operations not supported on this operating system.
2024/11/22 16:45:47 kid1| ERROR: ARP / MAC / EUI-* operations not supported on this operating system.
2024/11/22 16:45:48 kid1| ERROR: ARP / MAC / EUI-* operations not supported on this operating system.
2024/11/22 16:45:54 kid1| ERROR: ARP / MAC / EUI-* operations not supported on this operating system.
2024/11/22 16:45:54 kid1| ERROR: ARP / MAC / EUI-* operations not supported on this operating system.
2024/11/22 16:45:56 kid1| ERROR: ARP / MAC / EUI-* operations not supported on this operating system.
2024/11/22 16:45:58 kid1| ERROR: ARP / MAC / EUI-* operations not supported on this operating system.
2024/11/22 16:45:59 kid1| ERROR: ARP / MAC / EUI-* operations not supported on this operating system.
2024/11/22 16:45:59 kid1| ERROR: ARP / MAC / EUI-* operations not supported on this operating system.
2024/11/22 16:45:59 kid1| ERROR: ARP / MAC / EUI-* operations not supported on this operating system.
2024/11/22 16:45:59 kid1| ERROR: ARP / MAC / EUI-* operations not supported on this operating system.
2024/11/22 16:45:59 kid1| ERROR: ARP / MAC / EUI-* operations not supported on this operating system.
2024/11/22 16:45:59 kid1| ERROR: ARP / MAC / EUI-* operations not supported on this operating system.
2024/11/22 16:45:59 kid1| ERROR: ARP / MAC / EUI-* operations not supported on this operating system.
2024/11/22 16:45:59 kid1| ERROR: ARP / MAC / EUI-* operations not supported on this operating system.
2024/11/22 16:45:59 kid1| ERROR: ARP / MAC / EUI-* operations not supported on this operating system.
2024/11/22 16:46:00 kid1| ERROR: ARP / MAC / EUI-* operations not supported on this operating system.
2024/11/22 16:46:00 kid1| ERROR: ARP / MAC / EUI-* operations not supported on this operating system.
2024/11/22 16:46:00 kid1| ERROR: ARP / MAC / EUI-* operations not supported on this operating system.
2024/11/22 16:46:00 kid1| ERROR: ARP / MAC / EUI-* operations not supported on this operating system.
2024/11/22 16:46:00 kid1| ERROR: ARP / MAC / EUI-* operations not supported on this operating system.
2024/11/22 16:46:01 kid1| ERROR: ARP / MAC / EUI-* operations not supported on this operating system.
2024/11/22 16:46:01 kid1| ERROR: ARP / MAC / EUI-* operations not supported on this operating system.
2024/11/22 16:46:01 kid1| ERROR: ARP / MAC / EUI-* operations not supported on this operating system.
2024/11/22 16:46:01 kid1| ERROR: ARP / MAC / EUI-* operations not supported on this operating system.
2024/11/22 16:46:01 kid1| ERROR: ARP / MAC / EUI-* operations not supported on this operating system.
2024/11/22 16:46:01 kid1| ERROR: ARP / MAC / EUI-* operations not supported on this operating system.
2024/11/22 16:46:01 kid1| ERROR: ARP / MAC / EUI-* operations not supported on this operating system.
2024/11/22 16:46:01 kid1| ERROR: ARP / MAC / EUI-* operations not supported on this operating system.
2024/11/22 16:46:01 kid1| ERROR: ARP / MAC / EUI-* operations not supported on this operating system.
2024/11/22 16:46:01 kid1| ERROR: ARP / MAC / EUI-* operations not supported on this operating system.
2024/11/22 16:46:01 kid1| ERROR: ARP / MAC / EUI-* operations not supported on this operating system.
2024/11/22 16:46:01 kid1| ERROR: ARP / MAC / EUI-* operations not supported on this operating system.
2024/11/22 16:46:01 kid1| ERROR: ARP / MAC / EUI-* operations not supported on this operating system.
2024/11/22 16:46:02 kid1| ERROR: ARP / MAC / EUI-* operations not supported on this operating system.
2024/11/22 16:46:02 kid1| ERROR: ARP / MAC / EUI-* operations not supported on this operating system.
2024/11/22 16:46:02 kid1| ERROR: ARP / MAC / EUI-* operations not supported on this operating system.
2024/11/22 16:46:02 kid1| ERROR: ARP / MAC / EUI-* operations not supported on this operating system.
2024/11/22 16:46:02 kid1| ERROR: ARP / MAC / EUI-* operations not supported on this operating system.
2024/11/22 16:46:02 kid1| ERROR: ARP / MAC / EUI-* operations not supported on this operating system.
2024/11/22 16:46:02 kid1| ERROR: ARP / MAC / EUI-* operations not supported on this operating system.
2024/11/22 16:46:02 kid1| ERROR: ARP / MAC / EUI-* operations not supported on this operating system.
2024/11/22 16:46:02 kid1| ERROR: ARP / MAC / EUI-* operations not supported on this operating system.
2024/11/22 16:46:02 kid1| ERROR: ARP / MAC / EUI-* operations not supported on this operating system.
2024/11/22 16:46:03 kid1| ERROR: ARP / MAC / EUI-* operations not supported on this operating system.
2024/11/22 16:46:03 kid1| ERROR: ARP / MAC / EUI-* operations not supported on this operating system.
2024/11/22 16:46:03 kid1| ERROR: ARP / MAC / EUI-* operations not supported on this operating system.
2024/11/22 16:46:03 kid1| ERROR: ARP / MAC / EUI-* operations not supported on this operating system.
2024/11/22 16:46:03 kid1| ERROR: ARP / MAC / EUI-* operations not supported on this operating system.
2024/11/22 16:46:03 kid1| ERROR: ARP / MAC / EUI-* operations not supported on this operating system.
2024/11/22 16:46:03 kid1| ERROR: ARP / MAC / EUI-* operations not supported on this operating system.
2024/11/22 16:46:03 kid1| ERROR: ARP / MAC / EUI-* operations not supported on this operating system.
2024/11/22 16:46:04 kid1| ERROR: ARP / MAC / EUI-* operations not supported on this operating system.
2024/11/22 16:46:04 kid1| ERROR: ARP / MAC / EUI-* operations not supported on this operating system.
2024/11/22 16:46:04 kid1| ERROR: ARP / MAC / EUI-* operations not supported on this operating system.
2024/11/22 16:46:04 kid1| ERROR: ARP / MAC / EUI-* operations not supported on this operating system.
2024/11/22 16:46:05 kid1| ERROR: ARP / MAC / EUI-* operations not supported on this operating system.
2024/11/22 16:46:05 kid1| ERROR: ARP / MAC / EUI-* operations not supported on this operating system.
2024/11/22 16:46:05 kid1| ERROR: ARP / MAC / EUI-* operations not supported on this operating system.
2024/11/22 16:46:05 kid1| ERROR: ARP / MAC / EUI-* operations not supported on this operating system.
2024/11/22 16:46:05 kid1| ERROR: ARP / MAC / EUI-* operations not supported on this operating system.
2024/11/22 16:46:06 kid1| ERROR: ARP / MAC / EUI-* operations not supported on this operating system.
2024/11/22 16:46:06 kid1| ERROR: ARP / MAC / EUI-* operations not supported on this operating system.
2024/11/22 16:46:06 kid1| ERROR: ARP / MAC / EUI-* operations not supported on this operating system.
2024/11/22 16:46:07 kid1| ERROR: ARP / MAC / EUI-* operations not supported on this operating system.
2024/11/22 16:46:07 kid1| ERROR: ARP / MAC / EUI-* operations not supported on this operating system.
2024/11/22 16:46:07 kid1| ERROR: ARP / MAC / EUI-* operations not supported on this operating system.
2024/11/22 16:46:09 kid1| ERROR: ARP / MAC / EUI-* operations not supported on this operating system.
2024/11/22 16:46:11 kid1| ERROR: ARP / MAC / EUI-* operations not supported on this operating system.
2024/11/22 16:46:14 kid1| ERROR: ARP / MAC / EUI-* operations not supported on this operating system.
2024/11/22 16:46:15 kid1| ERROR: ARP / MAC / EUI-* operations not supported on this operating system.
2024/11/22 16:46:16 kid1| ERROR: ARP / MAC / EUI-* operations not supported on this operating system.
2024/11/22 16:46:16 kid1| ERROR: ARP / MAC / EUI-* operations not supported on this operating system.
2024/11/22 16:46:17 kid1| ERROR: ARP / MAC / EUI-* operations not supported on this operating system.
2024/11/22 16:46:17 kid1| ERROR: ARP / MAC / EUI-* operations not supported on this operating system.
2024/11/22 16:46:19 kid1| ERROR: ARP / MAC / EUI-* operations not supported on this operating system.
2024/11/22 16:46:19 kid1| ERROR: ARP / MAC / EUI-* operations not supported on this operating system.
2024/11/22 16:46:19 kid1| ERROR: ARP / MAC / EUI-* operations not supported on this operating system.
2024/11/22 16:46:19 kid1| ERROR: ARP / MAC / EUI-* operations not supported on this operating system.
2024/11/22 16:46:20 kid1| ERROR: ARP / MAC / EUI-* operations not supported on this operating system.
2024/11/22 16:46:48 kid1| ERROR: ARP / MAC / EUI-* operations not supported on this operating system.
2024/11/22 16:46:49 kid1| ERROR: ARP / MAC / EUI-* operations not supported on this operating system.
2024/11/22 16:46:49 kid1| ERROR: ARP / MAC / EUI-* operations not supported on this operating system.
2024/11/22 16:46:49 kid1| ERROR: ARP / MAC / EUI-* operations not supported on this operating system.
2024/11/22 16:46:50 kid1| ERROR: ARP / MAC / EUI-* operations not supported on this operating system.
2024/11/22 16:46:50 kid1| ERROR: ARP / MAC / EUI-* operations not supported on this operating system.
2024/11/22 16:46:51 kid1| ERROR: ARP / MAC / EUI-* operations not supported on this operating system.
2024/11/22 16:46:51 kid1| ERROR: ARP / MAC / EUI-* operations not supported on this operating system.
2024/11/22 16:46:53 kid1| ERROR: ARP / MAC / EUI-* operations not supported on this operating system.
2024/11/22 16:48:23 kid1| ERROR: ARP / MAC / EUI-* operations not supported on this operating system.
2024/11/22 16:51:20 kid1| ERROR: ARP / MAC / EUI-* operations not supported on this operating system.
2024/11/22 16:51:20 kid1| ERROR: ARP / MAC / EUI-* operations not supported on this operating system.
2024/11/22 16:58:40 kid1| ERROR: ARP / MAC / EUI-* operations not supported on this operating system.
2024/11/22 16:58:42 kid1| ERROR: ARP / MAC / EUI-* operations not supported on this operating system.
2024/11/22 16:58:42 kid1| ERROR: ARP / MAC / EUI-* operations not supported on this operating system.
2024/11/22 16:58:44 kid1| ERROR: ARP / MAC / EUI-* operations not supported on this operating system.
2024/11/22 16:58:46 kid1| ERROR: ARP / MAC / EUI-* operations not supported on this operating system.
2024/11/22 16:58:48 kid1| ERROR: ARP / MAC / EUI-* operations not supported on this operating system.
2024/11/22 17:00:48 kid1| ERROR: ARP / MAC / EUI-* operations not supported on this operating system.
2024/11/22 17:00:48 kid1| ERROR: ARP / MAC / EUI-* operations not supported on this operating system.
2024/11/22 17:02:04 kid1| ERROR: ARP / MAC / EUI-* operations not supported on this operating system.
2024/11/22 17:02:04 kid1| ERROR: ARP / MAC / EUI-* operations not supported on this operating system.
2024/11/22 17:02:06 kid1| ERROR: ARP / MAC / EUI-* operations not supported on this operating system.
2024/11/22 17:03:49 kid1| ERROR: ARP / MAC / EUI-* operations not supported on this operating system.
2024/11/22 17:05:45 kid1| ERROR: ARP / MAC / EUI-* operations not supported on this operating system.
2024/11/22 17:05:46 kid1| ERROR: ARP / MAC / EUI-* operations not supported on this operating system.
2024/11/22 17:05:49 kid1| ERROR: ARP / MAC / EUI-* operations not supported on this operating system.
2024/11/22 17:05:49 kid1| ERROR: ARP / MAC / EUI-* operations not supported on this operating system.
2024/11/22 17:05:49 kid1| ERROR: ARP / MAC / EUI-* operations not supported on this operating system.
2024/11/22 17:05:58 kid1| ERROR: ARP / MAC / EUI-* operations not supported on this operating system.
2024/11/22 17:06:00 kid1| ERROR: ARP / MAC / EUI-* operations not supported on this operating system.
2024/11/22 17:06:00 kid1| ERROR: ARP / MAC / EUI-* operations not supported on this operating system.
2024/11/22 17:06:00 kid1| ERROR: ARP / MAC / EUI-* operations not supported on this operating system.
2024/11/22 17:06:00 kid1| ERROR: ARP / MAC / EUI-* operations not supported on this operating system.
2024/11/22 17:06:00 kid1| ERROR: ARP / MAC / EUI-* operations not supported on this operating system.
2024/11/22 17:06:01 kid1| ERROR: ARP / MAC / EUI-* operations not supported on this operating system.
2024/11/22 17:06:01 kid1| ERROR: ARP / MAC / EUI-* operations not supported on this operating system.
2024/11/22 17:06:01 kid1| ERROR: ARP / MAC / EUI-* operations not supported on this operating system.
2024/11/22 17:06:01 kid1| ERROR: ARP / MAC / EUI-* operations not supported on this operating system.
2024/11/22 17:06:01 kid1| ERROR: ARP / MAC / EUI-* operations not supported on this operating system.
2024/11/22 17:06:02 kid1| ERROR: ARP / MAC / EUI-* operations not supported on this operating system.
2024/11/22 17:06:02 kid1| ERROR: ARP / MAC / EUI-* operations not supported on this operating system.
2024/11/22 17:06:02 kid1| ERROR: ARP / MAC / EUI-* operations not supported on this operating system.
2024/11/22 17:06:03 kid1| ERROR: ARP / MAC / EUI-* operations not supported on this operating system.
2024/11/22 17:06:03 kid1| ERROR: ARP / MAC / EUI-* operations not supported on this operating system.
2024/11/22 17:06:04 kid1| ERROR: ARP / MAC / EUI-* operations not supported on this operating system.
2024/11/22 17:06:04 kid1| ERROR: ARP / MAC / EUI-* operations not supported on this operating system.
2024/11/22 17:06:05 kid1| ERROR: ARP / MAC / EUI-* operations not supported on this operating system.
2024/11/22 17:06:06 kid1| ERROR: ARP / MAC / EUI-* operations not supported on this operating system.
2024/11/22 17:06:06 kid1| ERROR: ARP / MAC / EUI-* operations not supported on this operating system.
2024/11/22 17:06:06 kid1| ERROR: ARP / MAC / EUI-* operations not supported on this operating system.
2024/11/22 17:06:10 kid1| ERROR: ARP / MAC / EUI-* operations not supported on this operating system.
2024/11/22 17:06:52 kid1| ERROR: ARP / MAC / EUI-* operations not supported on this operating system.
2024/11/22 17:06:58 kid1| ERROR: ARP / MAC / EUI-* operations not supported on this operating system.
2024/11/22 17:06:59 kid1| ERROR: ARP / MAC / EUI-* operations not supported on this operating system.
2024/11/22 17:07:01 kid1| ERROR: ARP / MAC / EUI-* operations not supported on this operating system.
2024/11/22 17:07:01 kid1| ERROR: ARP / MAC / EUI-* operations not supported on this operating system.
2024/11/22 17:07:03 kid1| ERROR: ARP / MAC / EUI-* operations not supported on this operating system.
2024/11/22 17:07:30 kid1| ERROR: ARP / MAC / EUI-* operations not supported on this operating system.
2024/11/22 17:07:31 kid1| ERROR: ARP / MAC / EUI-* operations not supported on this operating system.
2024/11/22 17:07:58 kid1| ERROR: ARP / MAC / EUI-* operations not supported on this operating system.
2024/11/22 17:07:59 kid1| ERROR: ARP / MAC / EUI-* operations not supported on this operating system.
2024/11/22 17:07:59 kid1| ERROR: ARP / MAC / EUI-* operations not supported on this operating system.
2024/11/22 17:08:00 kid1| ERROR: ARP / MAC / EUI-* operations not supported on this operating system.
2024/11/22 17:08:00 kid1| ERROR: ARP / MAC / EUI-* operations not supported on this operating system.
2024/11/22 17:08:01 kid1| ERROR: ARP / MAC / EUI-* operations not supported on this operating system.
2024/11/22 17:08:02 kid1| ERROR: ARP / MAC / EUI-* operations not supported on this operating system.
2024/11/22 17:08:10 kid1| ERROR: ARP / MAC / EUI-* operations not supported on this operating system.
2024/11/22 17:08:12 kid1| ERROR: ARP / MAC / EUI-* operations not supported on this operating system.
2024/11/22 17:08:14 kid1| ERROR: ARP / MAC / EUI-* operations not supported on this operating system.
2024/11/22 17:08:30 kid1| ERROR: ARP / MAC / EUI-* operations not supported on this operating system.
2024/11/22 17:08:46 kid1| ERROR: ARP / MAC / EUI-* operations not supported on this operating system.
2024/11/22 17:08:47 kid1| ERROR: ARP / MAC / EUI-* operations not supported on this operating system.
2024/11/22 17:08:48 kid1| ERROR: ARP / MAC / EUI-* operations not supported on this operating system.
2024/11/22 17:09:14 kid1| ERROR: ARP / MAC / EUI-* operations not supported on this operating system.
2024/11/22 17:09:14 kid1| ERROR: ARP / MAC / EUI-* operations not supported on this operating system.
2024/11/22 17:09:14 kid1| ERROR: ARP / MAC / EUI-* operations not supported on this operating system.
2024/11/22 17:09:14 kid1| ERROR: ARP / MAC / EUI-* operations not supported on this operating system.
2024/11/22 17:09:14 kid1| ERROR: ARP / MAC / EUI-* operations not supported on this operating system.
2024/11/22 17:09:14 kid1| ERROR: ARP / MAC / EUI-* operations not supported on this operating system.
2024/11/22 17:09:14 kid1| ERROR: ARP / MAC / EUI-* operations not supported on this operating system.
2024/11/22 17:09:14 kid1| ERROR: ARP / MAC / EUI-* operations not supported on this operating system.
2024/11/22 17:09:15 kid1| ERROR: ARP / MAC / EUI-* operations not supported on this operating system.
2024/11/22 17:09:19 kid1| ERROR: ARP / MAC / EUI-* operations not supported on this operating system.
2024/11/22 17:09:19 kid1| ERROR: ARP / MAC / EUI-* operations not supported on this operating system.
2024/11/22 17:09:27 kid1| ERROR: ARP / MAC / EUI-* operations not supported on this operating system.
2024/11/22 17:09:28 kid1| ERROR: ARP / MAC / EUI-* operations not supported on this operating system.
2024/11/22 17:09:46 kid1| ERROR: ARP / MAC / EUI-* operations not supported on this operating system.
2024/11/22 17:10:15 kid1| ERROR: ARP / MAC / EUI-* operations not supported on this operating system.
2024/11/22 17:10:16 kid1| ERROR: ARP / MAC / EUI-* operations not supported on this operating system.
2024/11/22 17:10:16 kid1| ERROR: ARP / MAC / EUI-* operations not supported on this operating system.
2024/11/22 17:11:10 kid1| ERROR: ARP / MAC / EUI-* operations not supported on this operating system.
2024/11/22 17:12:20 kid1| ERROR: ARP / MAC / EUI-* operations not supported on this operating system.
2024/11/22 17:12:25 kid1| ERROR: ARP / MAC / EUI-* operations not supported on this operating system.
2024/11/22 17:12:27 kid1| ERROR: ARP / MAC / EUI-* operations not supported on this operating system.
2024/11/22 17:12:27 kid1| ERROR: ARP / MAC / EUI-* operations not supported on this operating system.
2024/11/22 17:12:27 kid1| ERROR: ARP / MAC / EUI-* operations not supported on this operating system.
2024/11/22 17:12:27 kid1| ERROR: ARP / MAC / EUI-* operations not supported on this operating system.
2024/11/22 17:12:30 kid1| ERROR: ARP / MAC / EUI-* operations not supported on this operating system.
2024/11/22 17:13:13 kid1| ERROR: ARP / MAC / EUI-* operations not supported on this operating system.
2024/11/22 17:13:17 kid1| ERROR: ARP / MAC / EUI-* operations not supported on this operating system.
2024/11/22 17:13:17 kid1| ERROR: ARP / MAC / EUI-* operations not supported on this operating system.
2024/11/22 17:13:18 kid1| ERROR: ARP / MAC / EUI-* operations not supported on this operating system.
2024/11/22 17:13:48 kid1| ERROR: ARP / MAC / EUI-* operations not supported on this operating system.
2024/11/22 17:13:49 kid1| ERROR: ARP / MAC / EUI-* operations not supported on this operating system.
2024/11/22 17:13:57 kid1| ERROR: ARP / MAC / EUI-* operations not supported on this operating system.
2024/11/22 17:14:19 kid1| ERROR: ARP / MAC / EUI-* operations not supported on this operating system.
2024/11/22 17:14:29 kid1| ERROR: ARP / MAC / EUI-* operations not supported on this operating system.
2024/11/22 17:14:58 kid1| ERROR: ARP / MAC / EUI-* operations not supported on this operating system.
2024/11/22 17:15:45 kid1| ERROR: ARP / MAC / EUI-* operations not supported on this operating system.
2024/11/22 17:15:45 kid1| ERROR: ARP / MAC / EUI-* operations not supported on this operating system.
2024/11/22 17:15:46 kid1| ERROR: ARP / MAC / EUI-* operations not supported on this operating system.
2024/11/22 17:15:46 kid1| ERROR: ARP / MAC / EUI-* operations not supported on this operating system.
2024/11/22 17:15:46 kid1| ERROR: ARP / MAC / EUI-* operations not supported on this operating system.
2024/11/22 17:15:46 kid1| ERROR: ARP / MAC / EUI-* operations not supported on this operating system.
2024/11/22 17:15:49 kid1| ERROR: ARP / MAC / EUI-* operations not supported on this operating system.
2024/11/22 17:16:05 kid1| ERROR: ARP / MAC / EUI-* operations not supported on this operating system.
2024/11/22 17:16:05 kid1| ERROR: ARP / MAC / EUI-* operations not supported on this operating system.
2024/11/22 17:16:13 kid1| ERROR: ARP / MAC / EUI-* operations not supported on this operating system.
2024/11/22 17:16:43 kid1| ERROR: ARP / MAC / EUI-* operations not supported on this operating system.
2024/11/22 17:16:49 kid1| ERROR: ARP / MAC / EUI-* operations not supported on this operating system.
2024/11/22 17:16:52 kid1| ERROR: ARP / MAC / EUI-* operations not supported on this operating system.
2024/11/22 17:16:59 kid1| ERROR: ARP / MAC / EUI-* operations not supported on this operating system.
2024/11/22 17:17:00 kid1| ERROR: ARP / MAC / EUI-* operations not supported on this operating system.
2024/11/22 17:17:10 kid1| ERROR: ARP / MAC / EUI-* operations not supported on this operating system.
2024/11/22 17:17:11 kid1| ERROR: ARP / MAC / EUI-* operations not supported on this operating system.
2024/11/22 17:17:12 kid1| ERROR: ARP / MAC / EUI-* operations not supported on this operating system.
2024/11/22 17:17:13 kid1| ERROR: ARP / MAC / EUI-* operations not supported on this operating system.
2024/11/22 17:17:37 kid1| ERROR: ARP / MAC / EUI-* operations not supported on this operating system.
2024/11/22 17:17:51 kid1| ERROR: ARP / MAC / EUI-* operations not supported on this operating system.
2024/11/22 17:18:37 kid1| ERROR: ARP / MAC / EUI-* operations not supported on this operating system.
2024/11/22 17:18:37 kid1| ERROR: ARP / MAC / EUI-* operations not supported on this operating system.
2024/11/22 17:18:49 kid1| ERROR: ARP / MAC / EUI-* operations not supported on this operating system.
2024/11/22 17:18:54 kid1| ERROR: ARP / MAC / EUI-* operations not supported on this operating system.
2024/11/22 17:19:13 kid1| ERROR: ARP / MAC / EUI-* operations not supported on this operating system.
2024/11/22 17:19:13 kid1| ERROR: ARP / MAC / EUI-* operations not supported on this operating system.
2024/11/22 17:19:14 kid1| ERROR: ARP / MAC / EUI-* operations not supported on this operating system.
2024/11/22 17:19:14 kid1| ERROR: ARP / MAC / EUI-* operations not supported on this operating system.
2024/11/22 17:19:15 kid1| ERROR: ARP / MAC / EUI-* operations not supported on this operating system.
2024/11/22 17:19:15 kid1| ERROR: ARP / MAC / EUI-* operations not supported on this operating system.
2024/11/22 17:19:15 kid1| ERROR: ARP / MAC / EUI-* operations not supported on this operating system.
2024/11/22 17:19:25 kid1| ERROR: ARP / MAC / EUI-* operations not supported on this operating system.
2024/11/22 17:19:52 kid1| ERROR: ARP / MAC / EUI-* operations not supported on this operating system.
2024/11/22 17:19:53 kid1| ERROR: ARP / MAC / EUI-* operations not supported on this operating system.
2024/11/22 17:19:53 kid1| ERROR: ARP / MAC / EUI-* operations not supported on this operating system.
2024/11/22 17:19:58 kid1| ERROR: ARP / MAC / EUI-* operations not supported on this operating system.
2024/11/22 17:20:00 kid1| ERROR: ARP / MAC / EUI-* operations not supported on this operating system.
2024/11/22 17:20:07 kid1| ERROR: ARP / MAC / EUI-* operations not supported on this operating system.
2024/11/22 17:20:23 kid1| ERROR: ARP / MAC / EUI-* operations not supported on this operating system.
2024/11/22 17:20:39 kid1| ERROR: ARP / MAC / EUI-* operations not supported on this operating system.
2024/11/22 17:20:39 kid1| ERROR: ARP / MAC / EUI-* operations not supported on this operating system.
2024/11/22 17:20:55 kid1| ERROR: ARP / MAC / EUI-* operations not supported on this operating system.
2024/11/22 17:20:55 kid1| ERROR: ARP / MAC / EUI-* operations not supported on this operating system.
2024/11/22 17:21:44 kid1| ERROR: ARP / MAC / EUI-* operations not supported on this operating system.
2024/11/22 17:21:56 kid1| ERROR: ARP / MAC / EUI-* operations not supported on this operating system.
2024/11/22 17:21:58 kid1| ERROR: ARP / MAC / EUI-* operations not supported on this operating system.
2024/11/22 17:21:59 kid1| ERROR: ARP / MAC / EUI-* operations not supported on this operating system.
2024/11/22 17:21:59 kid1| ERROR: ARP / MAC / EUI-* operations not supported on this operating system.
2024/11/22 17:22:15 kid1| ERROR: ARP / MAC / EUI-* operations not supported on this operating system.
2024/11/22 17:22:15 kid1| ERROR: ARP / MAC / EUI-* operations not supported on this operating system.
2024/11/22 17:22:15 kid1| ERROR: ARP / MAC / EUI-* operations not supported on this operating system.
2024/11/22 17:22:15 kid1| ERROR: ARP / MAC / EUI-* operations not supported on this operating system.
2024/11/22 17:22:18 kid1| ERROR: ARP / MAC / EUI-* operations not supported on this operating system.
2024/11/22 17:22:35 kid1| ERROR: ARP / MAC / EUI-* operations not supported on this operating system.
2024/11/22 17:22:58 kid1| ERROR: ARP / MAC / EUI-* operations not supported on this operating system.
2024/11/22 17:23:23 kid1| ERROR: ARP / MAC / EUI-* operations not supported on this operating system.
2024/11/22 17:23:28 kid1| ERROR: ARP / MAC / EUI-* operations not supported on this operating system.
2024/11/22 17:23:37 kid1| ERROR: ARP / MAC / EUI-* operations not supported on this operating system.
2024/11/22 17:24:16 kid1| ERROR: ARP / MAC / EUI-* operations not supported on this operating system.
2024/11/22 17:24:16 kid1| ERROR: ARP / MAC / EUI-* operations not supported on this operating system.
2024/11/22 17:24:19 kid1| ERROR: ARP / MAC / EUI-* operations not supported on this operating system.
2024/11/22 17:24:31 kid1| ERROR: ARP / MAC / EUI-* operations not supported on this operating system.
2024/11/22 17:24:31 kid1| ERROR: ARP / MAC / EUI-* operations not supported on this operating system.
2024/11/22 17:24:31 kid1| ERROR: ARP / MAC / EUI-* operations not supported on this operating system.
2024/11/22 17:24:32 kid1| ERROR: ARP / MAC / EUI-* operations not supported on this operating system.
2024/11/22 17:24:33 kid1| ERROR: ARP / MAC / EUI-* operations not supported on this operating system.
2024/11/22 17:24:40 kid1| ERROR: ARP / MAC / EUI-* operations not supported on this operating system.
2024/11/22 17:24:42 kid1| ERROR: ARP / MAC / EUI-* operations not supported on this operating system.
2024/11/22 17:25:04 kid1| ERROR: ARP / MAC / EUI-* operations not supported on this operating system.
2024/11/22 17:25:05 kid1| ERROR: ARP / MAC / EUI-* operations not supported on this operating system.
2024/11/22 17:25:05 kid1| ERROR: ARP / MAC / EUI-* operations not supported on this operating system.
2024/11/22 17:25:05 kid1| ERROR: ARP / MAC / EUI-* operations not supported on this operating system.
2024/11/22 17:25:06 kid1| ERROR: ARP / MAC / EUI-* operations not supported on this operating system.
2024/11/22 17:25:06 kid1| ERROR: ARP / MAC / EUI-* operations not supported on this operating system.
2024/11/22 17:25:06 kid1| ERROR: ARP / MAC / EUI-* operations not supported on this operating system.
2024/11/22 17:25:07 kid1| ERROR: ARP / MAC / EUI-* operations not supported on this operating system.
2024/11/22 17:25:07 kid1| ERROR: ARP / MAC / EUI-* operations not supported on this operating system.
2024/11/22 17:25:07 kid1| ERROR: ARP / MAC / EUI-* operations not supported on this operating system.
2024/11/22 17:25:07 kid1| ERROR: ARP / MAC / EUI-* operations not supported on this operating system.
2024/11/22 17:25:07 kid1| ERROR: ARP / MAC / EUI-* operations not supported on this operating system.
2024/11/22 17:25:07 kid1| ERROR: ARP / MAC / EUI-* operations not supported on this operating system.
2024/11/22 17:25:07 kid1| ERROR: ARP / MAC / EUI-* operations not supported on this operating system.
2024/11/22 17:25:08 kid1| ERROR: ARP / MAC / EUI-* operations not supported on this operating system.
2024/11/22 17:25:18 kid1| ERROR: ARP / MAC / EUI-* operations not supported on this operating system.
2024/11/22 17:25:55 kid1| ERROR: ARP / MAC / EUI-* operations not supported on this operating system.
2024/11/22 17:25:57 kid1| ERROR: ARP / MAC / EUI-* operations not supported on this operating system.
2024/11/22 17:26:09 kid1| ERROR: ARP / MAC / EUI-* operations not supported on this operating system.
2024/11/22 17:26:09 kid1| ERROR: ARP / MAC / EUI-* operations not supported on this operating system.
2024/11/22 17:26:19 kid1| ERROR: ARP / MAC / EUI-* operations not supported on this operating system.
2024/11/22 17:26:19 kid1| ERROR: ARP / MAC / EUI-* operations not supported on this operating system.
2024/11/22 17:26:21 kid1| ERROR: ARP / MAC / EUI-* operations not supported on this operating system.
2024/11/22 17:26:21 kid1| ERROR: ARP / MAC / EUI-* operations not supported on this operating system.
2024/11/22 17:26:21 kid1| ERROR: ARP / MAC / EUI-* operations not supported on this operating system.
2024/11/22 17:26:24 kid1| ERROR: ARP / MAC / EUI-* operations not supported on this operating system.
2024/11/22 17:26:45 kid1| ERROR: ARP / MAC / EUI-* operations not supported on this operating system.
2024/11/22 17:26:58 kid1| ERROR: ARP / MAC / EUI-* operations not supported on this operating system.
2024/11/22 17:26:59 kid1| ERROR: ARP / MAC / EUI-* operations not supported on this operating system.
2024/11/22 17:27:00 kid1| ERROR: ARP / MAC / EUI-* operations not supported on this operating system.
2024/11/22 17:27:00 kid1| ERROR: ARP / MAC / EUI-* operations not supported on this operating system.
2024/11/22 17:27:07 kid1| ERROR: ARP / MAC / EUI-* operations not supported on this operating system.
2024/11/22 17:27:12 kid1| ERROR: ARP / MAC / EUI-* operations not supported on this operating system.
2024/11/22 17:27:39 kid1| ERROR: ARP / MAC / EUI-* operations not supported on this operating system.
2024/11/22 17:27:53 kid1| ERROR: ARP / MAC / EUI-* operations not supported on this operating system.
2024/11/22 17:28:37 kid1| ERROR: ARP / MAC / EUI-* operations not supported on this operating system.
2024/11/22 17:28:46 kid1| ERROR: ARP / MAC / EUI-* operations not supported on this operating system.
2024/11/22 17:29:03 kid1| ERROR: ARP / MAC / EUI-* operations not supported on this operating system.
2024/11/22 17:29:13 kid1| ERROR: ARP / MAC / EUI-* operations not supported on this operating system.
2024/11/22 17:29:14 kid1| ERROR: ARP / MAC / EUI-* operations not supported on this operating system.
2024/11/22 17:29:14 kid1| ERROR: ARP / MAC / EUI-* operations not supported on this operating system.
2024/11/22 17:29:14 kid1| ERROR: ARP / MAC / EUI-* operations not supported on this operating system.
2024/11/22 17:29:15 kid1| ERROR: ARP / MAC / EUI-* operations not supported on this operating system.
2024/11/22 17:29:15 kid1| ERROR: ARP / MAC / EUI-* operations not supported on this operating system.
2024/11/22 17:29:16 kid1| ERROR: ARP / MAC / EUI-* operations not supported on this operating system.
2024/11/22 17:29:23 kid1| ERROR: ARP / MAC / EUI-* operations not supported on this operating system.
2024/11/22 17:29:28 kid1| ERROR: ARP / MAC / EUI-* operations not supported on this operating system.
2024/11/22 17:29:29 kid1| ERROR: ARP / MAC / EUI-* operations not supported on this operating system.
2024/11/22 17:29:30 kid1| ERROR: ARP / MAC / EUI-* operations not supported on this operating system.
2024/11/22 17:29:30 kid1| ERROR: ARP / MAC / EUI-* operations not supported on this operating system.
2024/11/22 17:29:30 kid1| ERROR: ARP / MAC / EUI-* operations not supported on this operating system.
2024/11/22 17:31:00 kid1| ERROR: ARP / MAC / EUI-* operations not supported on this operating system.
2024/11/22 17:31:21 kid1| ERROR: ARP / MAC / EUI-* operations not supported on this operating system.
2024/11/22 17:31:21 kid1| ERROR: ARP / MAC / EUI-* operations not supported on this operating system.
2024/11/22 17:31:49 kid1| ERROR: ARP / MAC / EUI-* operations not supported on this operating system.
2024/11/22 17:32:14 kid1| ERROR: ARP / MAC / EUI-* operations not supported on this operating system.
2024/11/22 17:32:14 kid1| ERROR: ARP / MAC / EUI-* operations not supported on this operating system.
2024/11/22 17:32:15 kid1| ERROR: ARP / MAC / EUI-* operations not supported on this operating system.
2024/11/22 17:32:16 kid1| ERROR: ARP / MAC / EUI-* operations not supported on this operating system.
2024/11/22 17:32:16 kid1| ERROR: ARP / MAC / EUI-* operations not supported on this operating system.
2024/11/22 17:32:18 kid1| ERROR: ARP / MAC / EUI-* operations not supported on this operating system.
2024/11/22 17:32:37 kid1| ERROR: ARP / MAC / EUI-* operations not supported on this operating system.
2024/11/22 17:32:38 kid1| ERROR: ARP / MAC / EUI-* operations not supported on this operating system.
2024/11/22 17:32:39 kid1| ERROR: ARP / MAC / EUI-* operations not supported on this operating system.
2024/11/22 17:32:39 kid1| ERROR: ARP / MAC / EUI-* operations not supported on this operating system.
2024/11/22 17:32:40 kid1| ERROR: ARP / MAC / EUI-* operations not supported on this operating system.
2024/11/22 17:32:40 kid1| ERROR: ARP / MAC / EUI-* operations not supported on this operating system.
2024/11/22 17:32:40 kid1| ERROR: ARP / MAC / EUI-* operations not supported on this operating system.
2024/11/22 17:32:40 kid1| ERROR: ARP / MAC / EUI-* operations not supported on this operating system.
2024/11/22 17:32:40 kid1| ERROR: ARP / MAC / EUI-* operations not supported on this operating system.
2024/11/22 17:32:41 kid1| ERROR: ARP / MAC / EUI-* operations not supported on this operating system.
2024/11/22 17:32:41 kid1| ERROR: ARP / MAC / EUI-* operations not supported on this operating system.
2024/11/22 17:32:41 kid1| ERROR: ARP / MAC / EUI-* operations not supported on this operating system.
2024/11/22 17:32:41 kid1| ERROR: ARP / MAC / EUI-* operations not supported on this operating system.
2024/11/22 17:32:41 kid1| ERROR: ARP / MAC / EUI-* operations not supported on this operating system.
2024/11/22 17:32:41 kid1| ERROR: ARP / MAC / EUI-* operations not supported on this operating system.
2024/11/22 17:32:41 kid1| ERROR: ARP / MAC / EUI-* operations not supported on this operating system.
2024/11/22 17:32:41 kid1| ERROR: ARP / MAC / EUI-* operations not supported on this operating system.
2024/11/22 17:32:41 kid1| ERROR: ARP / MAC / EUI-* operations not supported on this operating system.
2024/11/22 17:32:42 kid1| ERROR: ARP / MAC / EUI-* operations not supported on this operating system.
2024/11/22 17:32:42 kid1| ERROR: ARP / MAC / EUI-* operations not supported on this operating system.
2024/11/22 17:32:42 kid1| ERROR: ARP / MAC / EUI-* operations not supported on this operating system.
2024/11/22 17:32:43 kid1| ERROR: ARP / MAC / EUI-* operations not supported on this operating system.
2024/11/22 17:32:43 kid1| ERROR: ARP / MAC / EUI-* operations not supported on this operating system.
2024/11/22 17:32:43 kid1| ERROR: ARP / MAC / EUI-* operations not supported on this operating system.
2024/11/22 17:32:43 kid1| ERROR: ARP / MAC / EUI-* operations not supported on this operating system.
2024/11/22 17:32:43 kid1| ERROR: ARP / MAC / EUI-* operations not supported on this operating system.
2024/11/22 17:32:44 kid1| ERROR: ARP / MAC / EUI-* operations not supported on this operating system.
2024/11/22 17:32:44 kid1| ERROR: ARP / MAC / EUI-* operations not supported on this operating system.
2024/11/22 17:32:44 kid1| ERROR: ARP / MAC / EUI-* operations not supported on this operating system.
2024/11/22 17:32:44 kid1| ERROR: ARP / MAC / EUI-* operations not supported on this operating system.
2024/11/22 17:32:45 kid1| ERROR: ARP / MAC / EUI-* operations not supported on this operating system.
2024/11/22 17:32:45 kid1| ERROR: ARP / MAC / EUI-* operations not supported on this operating system.
2024/11/22 17:32:46 kid1| ERROR: ARP / MAC / EUI-* operations not supported on this operating system.
2024/11/22 17:32:46 kid1| ERROR: ARP / MAC / EUI-* operations not supported on this operating system.
2024/11/22 17:32:46 kid1| ERROR: ARP / MAC / EUI-* operations not supported on this operating system.
2024/11/22 17:32:48 kid1| ERROR: ARP / MAC / EUI-* operations not supported on this operating system.
2024/11/22 17:34:09 kid1| ERROR: ARP / MAC / EUI-* operations not supported on this operating system.
2024/11/22 17:35:36 kid1| ERROR: ARP / MAC / EUI-* operations not supported on this operating system.
2024/11/22 17:35:41 kid1| ERROR: ARP / MAC / EUI-* operations not supported on this operating system.
2024/11/22 17:35:42 kid1| ERROR: ARP / MAC / EUI-* operations not supported on this operating system.
2024/11/22 17:35:42 kid1| ERROR: ARP / MAC / EUI-* operations not supported on this operating system.
2024/11/22 17:35:42 kid1| ERROR: ARP / MAC / EUI-* operations not supported on this operating system.
2024/11/22 17:35:42 kid1| ERROR: ARP / MAC / EUI-* operations not supported on this operating system.
2024/11/22 17:35:43 kid1| ERROR: ARP / MAC / EUI-* operations not supported on this operating system.
2024/11/22 17:35:43 kid1| ERROR: ARP / MAC / EUI-* operations not supported on this operating system.
2024/11/22 17:35:43 kid1| ERROR: ARP / MAC / EUI-* operations not supported on this operating system.
2024/11/22 17:35:43 kid1| ERROR: ARP / MAC / EUI-* operations not supported on this operating system.
2024/11/22 17:35:43 kid1| ERROR: ARP / MAC / EUI-* operations not supported on this operating system.
2024/11/22 17:35:43 kid1| ERROR: ARP / MAC / EUI-* operations not supported on this operating system.
2024/11/22 17:35:44 kid1| ERROR: ARP / MAC / EUI-* operations not supported on this operating system.
2024/11/22 17:35:48 kid1| ERROR: ARP / MAC / EUI-* operations not supported on this operating system.
2024/11/22 17:35:57 kid1| ERROR: ARP / MAC / EUI-* operations not supported on this operating system.
2024/11/22 17:36:03 kid1| ERROR: ARP / MAC / EUI-* operations not supported on this operating system.
2024/11/22 17:36:03 kid1| ERROR: ARP / MAC / EUI-* operations not supported on this operating system.
2024/11/22 17:36:03 kid1| ERROR: ARP / MAC / EUI-* operations not supported on this operating system.
2024/11/22 17:36:04 kid1| ERROR: ARP / MAC / EUI-* operations not supported on this operating system.
2024/11/22 17:36:04 kid1| ERROR: ARP / MAC / EUI-* operations not supported on this operating system.
2024/11/22 17:36:04 kid1| ERROR: ARP / MAC / EUI-* operations not supported on this operating system.
2024/11/22 17:36:05 kid1| ERROR: ARP / MAC / EUI-* operations not supported on this operating system.
2024/11/22 17:36:30 kid1| ERROR: ARP / MAC / EUI-* operations not supported on this operating system.
2024/11/22 17:36:31 kid1| ERROR: ARP / MAC / EUI-* operations not supported on this operating system.
2024/11/22 17:37:04 kid1| ERROR: ARP / MAC / EUI-* operations not supported on this operating system.
2024/11/22 17:37:05 kid1| ERROR: ARP / MAC / EUI-* operations not supported on this operating system.
2024/11/22 17:37:05 kid1| ERROR: ARP / MAC / EUI-* operations not supported on this operating system.
2024/11/22 17:37:05 kid1| ERROR: ARP / MAC / EUI-* operations not supported on this operating system.
2024/11/22 17:37:33 kid1| ERROR: ARP / MAC / EUI-* operations not supported on this operating system.
2024/11/22 17:37:33 kid1| ERROR: ARP / MAC / EUI-* operations not supported on this operating system.
2024/11/22 17:37:33 kid1| ERROR: ARP / MAC / EUI-* operations not supported on this operating system.
2024/11/22 17:37:33 kid1| ERROR: ARP / MAC / EUI-* operations not supported on this operating system.
2024/11/22 17:37:34 kid1| ERROR: ARP / MAC / EUI-* operations not supported on this operating system.
2024/11/22 17:37:35 kid1| ERROR: ARP / MAC / EUI-* operations not supported on this operating system.
2024/11/22 17:37:35 kid1| ERROR: ARP / MAC / EUI-* operations not supported on this operating system.
2024/11/22 17:37:36 kid1| ERROR: ARP / MAC / EUI-* operations not supported on this operating system.
2024/11/22 17:37:36 kid1| ERROR: ARP / MAC / EUI-* operations not supported on this operating system.
2024/11/22 17:37:36 kid1| ERROR: ARP / MAC / EUI-* operations not supported on this operating system.
2024/11/22 17:37:37 kid1| ERROR: ARP / MAC / EUI-* operations not supported on this operating system.
2024/11/22 17:37:37 kid1| ERROR: ARP / MAC / EUI-* operations not supported on this operating system.
2024/11/22 17:37:38 kid1| ERROR: ARP / MAC / EUI-* operations not supported on this operating system.
2024/11/22 17:37:38 kid1| ERROR: ARP / MAC / EUI-* operations not supported on this operating system.
2024/11/22 17:37:41 kid1| ERROR: ARP / MAC / EUI-* operations not supported on this operating system.
2024/11/22 17:37:41 kid1| ERROR: ARP / MAC / EUI-* operations not supported on this operating system.
2024/11/22 17:37:45 kid1| ERROR: ARP / MAC / EUI-* operations not supported on this operating system.
2024/11/22 17:37:57 kid1| ERROR: ARP / MAC / EUI-* operations not supported on this operating system.
2024/11/22 17:37:57 kid1| ERROR: ARP / MAC / EUI-* operations not supported on this operating system.
2024/11/22 17:38:02 kid1| ERROR: ARP / MAC / EUI-* operations not supported on this operating system.
2024/11/22 17:38:07 kid1| ERROR: ARP / MAC / EUI-* operations not supported on this operating system.
2024/11/22 17:38:09 kid1| ERROR: ARP / MAC / EUI-* operations not supported on this operating system.
